[0.071s] Invoking command in '/home/mrstalford/ros2_ws/src/pavbot_gps/build/pavbot_gps': CMAKE_PREFIX_PATH=${CMAKE_PREFIX_PATH}:/opt/ros/humble /usr/bin/cmake --build /home/mrstalford/ros2_ws/src/pavbot_gps/build/pavbot_gps -- -j4 -l4
[0.261s] [35m[1mConsolidate compiler generated dependencies of target pavbot_gps[0m
[0.363s] [ 50%] [32mBuilding CXX object CMakeFiles/pavbot_gps.dir/src/pavbot_gps.cpp.o[0m
[11.270s] [01m[K/home/mrstalford/ros2_ws/src/pavbot_gps/src/pavbot_gps.cpp:[m[K In member function ‘[01m[Kvoid PavbotGPS::update()[m[K’:
[11.270s] [01m[K/home/mrstalford/ros2_ws/src/pavbot_gps/src/pavbot_gps.cpp:45:24:[m[K [01;31m[Kerror: [m[K‘[01m[KreadSerial[m[K’ was not declared in this scope
[11.271s]    45 |     std::string test = [01;31m[KreadSerial[m[K();
[11.272s]       |                        [01;31m[K^~~~~~~~~~[m[K
[11.275s] In file included from [01m[K/opt/ros/humble/include/rclcpp/rclcpp/logging.hpp:24[m[K,
[11.276s]                  from [01m[K/opt/ros/humble/include/rclcpp/rclcpp/client.hpp:40[m[K,
[11.276s]                  from [01m[K/opt/ros/humble/include/rclcpp/rclcpp/callback_group.hpp:24[m[K,
[11.277s]                  from [01m[K/opt/ros/humble/include/rclcpp/rclcpp/any_executable.hpp:20[m[K,
[11.277s]                  from [01m[K/opt/ros/humble/include/rclcpp/rclcpp/memory_strategy.hpp:25[m[K,
[11.278s]                  from [01m[K/opt/ros/humble/include/rclcpp/rclcpp/memory_strategies.hpp:18[m[K,
[11.278s]                  from [01m[K/opt/ros/humble/include/rclcpp/rclcpp/executor_options.hpp:20[m[K,
[11.278s]                  from [01m[K/opt/ros/humble/include/rclcpp/rclcpp/executor.hpp:37[m[K,
[11.279s]                  from [01m[K/opt/ros/humble/include/rclcpp/rclcpp/executors/multi_threaded_executor.hpp:25[m[K,
[11.279s]                  from [01m[K/opt/ros/humble/include/rclcpp/rclcpp/executors.hpp:21[m[K,
[11.280s]                  from [01m[K/opt/ros/humble/include/rclcpp/rclcpp/rclcpp.hpp:155[m[K,
[11.280s]                  from [01m[K/home/mrstalford/ros2_ws/src/pavbot_gps/src/pavbot_gps.cpp:12[m[K:
[11.281s] [01m[K/home/mrstalford/ros2_ws/src/pavbot_gps/src/pavbot_gps.cpp:46:31:[m[K [01;35m[Kwarning: [m[Kformat ‘[01m[K%s[m[K’ expects argument of type ‘[01m[Kchar*[m[K’, but argument 5 has type ‘[01m[Kstd::string[m[K’ {aka ‘[01m[Kstd::__cxx11::basic_string<char>[m[K’} [[01;35m[K]8;;https://gcc.gnu.org/onlinedocs/gcc/Warning-Options.html#index-Wformat=-Wformat=]8;;[m[K]
[11.281s]    46 |     RCLCPP_INFO(get_logger(), [01;35m[K"%s"[m[K, test);
[11.281s]       |                               [01;35m[K^~~~[m[K
[11.282s] [01m[K/home/mrstalford/ros2_ws/src/pavbot_gps/src/pavbot_gps.cpp:46:33:[m[K [01;36m[Knote: [m[Kformat string is defined here
[11.282s]    46 |     RCLCPP_INFO(get_logger(), "[01;36m[K%s[m[K", test);
[11.283s]       |                                [01;36m[K~^[m[K
[11.283s]       |                                 [01;36m[K|[m[K
[11.284s]       |                                 [01;36m[Kchar*[m[K
[14.429s] gmake[2]: *** [CMakeFiles/pavbot_gps.dir/build.make:76: CMakeFiles/pavbot_gps.dir/src/pavbot_gps.cpp.o] Error 1
[14.430s] gmake[1]: *** [CMakeFiles/Makefile2:137: CMakeFiles/pavbot_gps.dir/all] Error 2
[14.431s] gmake: *** [Makefile:146: all] Error 2
[14.440s] Invoked command in '/home/mrstalford/ros2_ws/src/pavbot_gps/build/pavbot_gps' returned '2': CMAKE_PREFIX_PATH=${CMAKE_PREFIX_PATH}:/opt/ros/humble /usr/bin/cmake --build /home/mrstalford/ros2_ws/src/pavbot_gps/build/pavbot_gps -- -j4 -l4
