[0.072s] Invoking command in '/home/mrstalford/ros2_ws/src/pavbot_gps/build/pavbot_gps': CMAKE_PREFIX_PATH=${CMAKE_PREFIX_PATH}:/opt/ros/humble /usr/bin/cmake --build /home/mrstalford/ros2_ws/src/pavbot_gps/build/pavbot_gps -- -j4 -l4
[0.263s] [35m[1mConsolidate compiler generated dependencies of target pavbot_gps[0m
[0.365s] [ 50%] [32mBuilding CXX object CMakeFiles/pavbot_gps.dir/src/pavbot_gps.cpp.o[0m
[19.460s] [100%] [32m[1mLinking CXX executable pavbot_gps[0m
[20.403s] [100%] Built target pavbot_gps
[20.447s] Invoked command in '/home/mrstalford/ros2_ws/src/pavbot_gps/build/pavbot_gps' returned '0': CMAKE_PREFIX_PATH=${CMAKE_PREFIX_PATH}:/opt/ros/humble /usr/bin/cmake --build /home/mrstalford/ros2_ws/src/pavbot_gps/build/pavbot_gps -- -j4 -l4
[20.499s] Invoking command in '/home/mrstalford/ros2_ws/src/pavbot_gps/build/pavbot_gps': CMAKE_PREFIX_PATH=${CMAKE_PREFIX_PATH}:/opt/ros/humble /usr/bin/cmake --install /home/mrstalford/ros2_ws/src/pavbot_gps/build/pavbot_gps
[20.548s] -- Install configuration: ""
[20.549s] -- Installing: /home/mrstalford/ros2_ws/src/pavbot_gps/install/pavbot_gps/lib/pavbot_gps/pavbot_gps
[20.564s] -- Set runtime path of "/home/mrstalford/ros2_ws/src/pavbot_gps/install/pavbot_gps/lib/pavbot_gps/pavbot_gps" to ""
[20.565s] -- Up-to-date: /home/mrstalford/ros2_ws/src/pavbot_gps/install/pavbot_gps/share/pavbot_gps/launch
[20.567s] -- Up-to-date: /home/mrstalford/ros2_ws/src/pavbot_gps/install/pavbot_gps/share/pavbot_gps/launch/gps.launch.py
[20.568s] -- Up-to-date: /home/mrstalford/ros2_ws/src/pavbot_gps/install/pavbot_gps/share/ament_index/resource_index/package_run_dependencies/pavbot_gps
[20.569s] -- Up-to-date: /home/mrstalford/ros2_ws/src/pavbot_gps/install/pavbot_gps/share/ament_index/resource_index/parent_prefix_path/pavbot_gps
[20.570s] -- Up-to-date: /home/mrstalford/ros2_ws/src/pavbot_gps/install/pavbot_gps/share/pavbot_gps/environment/ament_prefix_path.sh
[20.571s] -- Up-to-date: /home/mrstalford/ros2_ws/src/pavbot_gps/install/pavbot_gps/share/pavbot_gps/environment/ament_prefix_path.dsv
[20.573s] -- Up-to-date: /home/mrstalford/ros2_ws/src/pavbot_gps/install/pavbot_gps/share/pavbot_gps/environment/path.sh
[20.574s] -- Up-to-date: /home/mrstalford/ros2_ws/src/pavbot_gps/install/pavbot_gps/share/pavbot_gps/environment/path.dsv
[20.576s] -- Up-to-date: /home/mrstalford/ros2_ws/src/pavbot_gps/install/pavbot_gps/share/pavbot_gps/local_setup.bash
[20.577s] -- Up-to-date: /home/mrstalford/ros2_ws/src/pavbot_gps/install/pavbot_gps/share/pavbot_gps/local_setup.sh
[20.578s] -- Up-to-date: /home/mrstalford/ros2_ws/src/pavbot_gps/install/pavbot_gps/share/pavbot_gps/local_setup.zsh
[20.579s] -- Up-to-date: /home/mrstalford/ros2_ws/src/pavbot_gps/install/pavbot_gps/share/pavbot_gps/local_setup.dsv
[20.582s] -- Installing: /home/mrstalford/ros2_ws/src/pavbot_gps/install/pavbot_gps/share/pavbot_gps/package.dsv
[20.583s] -- Up-to-date: /home/mrstalford/ros2_ws/src/pavbot_gps/install/pavbot_gps/share/ament_index/resource_index/packages/pavbot_gps
[20.584s] -- Up-to-date: /home/mrstalford/ros2_ws/src/pavbot_gps/install/pavbot_gps/share/pavbot_gps/cmake/pavbot_gpsConfig.cmake
[20.586s] -- Up-to-date: /home/mrstalford/ros2_ws/src/pavbot_gps/install/pavbot_gps/share/pavbot_gps/cmake/pavbot_gpsConfig-version.cmake
[20.590s] -- Up-to-date: /home/mrstalford/ros2_ws/src/pavbot_gps/install/pavbot_gps/share/pavbot_gps/package.xml
[20.598s] Invoked command in '/home/mrstalford/ros2_ws/src/pavbot_gps/build/pavbot_gps' returned '0': CMAKE_PREFIX_PATH=${CMAKE_PREFIX_PATH}:/opt/ros/humble /usr/bin/cmake --install /home/mrstalford/ros2_ws/src/pavbot_gps/build/pavbot_gps
