[0.062s] Invoking command in '/home/mrstalford/ros2_ws/src/pavbot_gps/build/pavbot_gps': CMAKE_PREFIX_PATH=${CMAKE_PREFIX_PATH}:/opt/ros/humble /usr/bin/cmake --build /home/mrstalford/ros2_ws/src/pavbot_gps/build/pavbot_gps -- -j4 -l4
[0.264s] [35m[1mConsolidate compiler generated dependencies of target pavbot_gps[0m
[0.366s] [ 50%] [32mBuilding CXX object CMakeFiles/pavbot_gps.dir/src/pavbot_gps.cpp.o[0m
[18.869s] [100%] [32m[1mLinking CXX executable pavbot_gps[0m
[19.834s] [100%] Built target pavbot_gps
[19.875s] Invoked command in '/home/mrstalford/ros2_ws/src/pavbot_gps/build/pavbot_gps' returned '0': CMAKE_PREFIX_PATH=${CMAKE_PREFIX_PATH}:/opt/ros/humble /usr/bin/cmake --build /home/mrstalford/ros2_ws/src/pavbot_gps/build/pavbot_gps -- -j4 -l4
[19.923s] Invoking command in '/home/mrstalford/ros2_ws/src/pavbot_gps/build/pavbot_gps': CMAKE_PREFIX_PATH=${CMAKE_PREFIX_PATH}:/opt/ros/humble /usr/bin/cmake --install /home/mrstalford/ros2_ws/src/pavbot_gps/build/pavbot_gps
[19.950s] -- Install configuration: ""
[19.951s] -- Installing: /home/mrstalford/ros2_ws/src/pavbot_gps/install/pavbot_gps/lib/pavbot_gps/pavbot_gps
[19.964s] -- Set runtime path of "/home/mrstalford/ros2_ws/src/pavbot_gps/install/pavbot_gps/lib/pavbot_gps/pavbot_gps" to ""
[19.965s] -- Up-to-date: /home/mrstalford/ros2_ws/src/pavbot_gps/install/pavbot_gps/share/pavbot_gps/launch
[19.966s] -- Up-to-date: /home/mrstalford/ros2_ws/src/pavbot_gps/install/pavbot_gps/share/pavbot_gps/launch/gps.launch.py
[19.966s] -- Up-to-date: /home/mrstalford/ros2_ws/src/pavbot_gps/install/pavbot_gps/share/ament_index/resource_index/package_run_dependencies/pavbot_gps
[19.966s] -- Up-to-date: /home/mrstalford/ros2_ws/src/pavbot_gps/install/pavbot_gps/share/ament_index/resource_index/parent_prefix_path/pavbot_gps
[19.967s] -- Up-to-date: /home/mrstalford/ros2_ws/src/pavbot_gps/install/pavbot_gps/share/pavbot_gps/environment/ament_prefix_path.sh
[19.967s] -- Up-to-date: /home/mrstalford/ros2_ws/src/pavbot_gps/install/pavbot_gps/share/pavbot_gps/environment/ament_prefix_path.dsv
[19.968s] -- Up-to-date: /home/mrstalford/ros2_ws/src/pavbot_gps/install/pavbot_gps/share/pavbot_gps/environment/path.sh
[19.968s] -- Up-to-date: /home/mrstalford/ros2_ws/src/pavbot_gps/install/pavbot_gps/share/pavbot_gps/environment/path.dsv
[19.969s] -- Up-to-date: /home/mrstalford/ros2_ws/src/pavbot_gps/install/pavbot_gps/share/pavbot_gps/local_setup.bash
[19.969s] -- Up-to-date: /home/mrstalford/ros2_ws/src/pavbot_gps/install/pavbot_gps/share/pavbot_gps/local_setup.sh
[19.970s] -- Up-to-date: /home/mrstalford/ros2_ws/src/pavbot_gps/install/pavbot_gps/share/pavbot_gps/local_setup.zsh
[19.970s] -- Up-to-date: /home/mrstalford/ros2_ws/src/pavbot_gps/install/pavbot_gps/share/pavbot_gps/local_setup.dsv
[19.970s] -- Installing: /home/mrstalford/ros2_ws/src/pavbot_gps/install/pavbot_gps/share/pavbot_gps/package.dsv
[19.972s] -- Up-to-date: /home/mrstalford/ros2_ws/src/pavbot_gps/install/pavbot_gps/share/ament_index/resource_index/packages/pavbot_gps
[19.972s] -- Up-to-date: /home/mrstalford/ros2_ws/src/pavbot_gps/install/pavbot_gps/share/pavbot_gps/cmake/pavbot_gpsConfig.cmake
[19.973s] -- Up-to-date: /home/mrstalford/ros2_ws/src/pavbot_gps/install/pavbot_gps/share/pavbot_gps/cmake/pavbot_gpsConfig-version.cmake
[19.973s] -- Up-to-date: /home/mrstalford/ros2_ws/src/pavbot_gps/install/pavbot_gps/share/pavbot_gps/package.xml
[19.979s] Invoked command in '/home/mrstalford/ros2_ws/src/pavbot_gps/build/pavbot_gps' returned '0': CMAKE_PREFIX_PATH=${CMAKE_PREFIX_PATH}:/opt/ros/humble /usr/bin/cmake --install /home/mrstalford/ros2_ws/src/pavbot_gps/build/pavbot_gps
