[0.466s] DEBUG:colcon:Command line arguments: ['/usr/bin/colcon', 'build']
[0.466s] DEBUG:colcon:Parsed command line arguments: Namespace(log_base=None, log_level=None, verb_name='build', build_base='build', install_base='install', merge_install=False, symlink_install=False, test_result_base=None, continue_on_error=False, executor='parallel', parallel_workers=4, event_handlers=None, ignore_user_meta=False, metas=['./colcon.meta'], base_paths=['.'], packages_ignore=None, packages_ignore_regex=None, paths=None, packages_up_to=None, packages_up_to_regex=None, packages_above=None, packages_above_and_dependencies=None, packages_above_depth=None, packages_select_by_dep=None, packages_skip_by_dep=None, packages_skip_up_to=None, packages_select_build_failed=False, packages_skip_build_finished=False, packages_select_test_failures=False, packages_skip_test_passed=False, packages_select=None, packages_skip=None, packages_select_regex=None, packages_skip_regex=None, packages_start=None, packages_end=None, allow_overriding=[], cmake_args=None, cmake_target=None, cmake_target_skip_unavailable=False, cmake_clean_cache=False, cmake_clean_first=False, cmake_force_configure=False, ament_cmake_args=None, catkin_cmake_args=None, catkin_skip_building_tests=False, mixin_files=None, mixin=None, verb_parser=<colcon_mixin.mixin.mixin_argument.MixinArgumentDecorator object at 0xffff9fc81180>, verb_extension=<colcon_core.verb.build.BuildVerb object at 0xffff9fe2a0e0>, main=<bound method BuildVerb.main of <colcon_core.verb.build.BuildVerb object at 0xffff9fe2a0e0>>, mixin_verb=('build',))
[1.414s] Level 1:colcon.colcon_core.package_discovery:discover_packages(colcon_meta) check parameters
[1.414s] Level 1:colcon.colcon_core.package_discovery:discover_packages(recursive) check parameters
[1.414s] Level 1:colcon.colcon_core.package_discovery:discover_packages(ignore) check parameters
[1.415s] Level 1:colcon.colcon_core.package_discovery:discover_packages(path) check parameters
[1.415s] Level 1:colcon.colcon_core.package_discovery:discover_packages(colcon_meta) discover
[1.415s] Level 1:colcon.colcon_core.package_discovery:discover_packages(recursive) discover
[1.415s] INFO:colcon.colcon_core.package_discovery:Crawling recursively for packages in '/home/mrstalford/ros2_ws/src/pavbot_gps'
[1.416s] Level 1:colcon.colcon_core.package_identification:_identify(.) by extensions ['ignore', 'ignore_ament_install']
[1.416s] Level 1:colcon.colcon_core.package_identification:_identify(.) by extension 'ignore'
[1.416s] Level 1:colcon.colcon_core.package_identification:_identify(.) by extension 'ignore_ament_install'
[1.417s] Level 1:colcon.colcon_core.package_identification:_identify(.) by extensions ['colcon_pkg']
[1.417s] Level 1:colcon.colcon_core.package_identification:_identify(.) by extension 'colcon_pkg'
[1.417s] Level 1:colcon.colcon_core.package_identification:_identify(.) by extensions ['colcon_meta']
[1.417s] Level 1:colcon.colcon_core.package_identification:_identify(.) by extension 'colcon_meta'
[1.417s] Level 1:colcon.colcon_core.package_identification:_identify(.) by extensions ['ros']
[1.418s] Level 1:colcon.colcon_core.package_identification:_identify(.) by extension 'ros'
[1.471s] DEBUG:colcon.colcon_core.package_identification:Package '.' with type 'ros.ament_cmake' and name 'pavbot_gps'
[1.471s] Level 1:colcon.colcon_core.package_discovery:discover_packages(recursive) using defaults
[1.472s] Level 1:colcon.colcon_core.package_discovery:discover_packages(ignore) discover
[1.472s] Level 1:colcon.colcon_core.package_discovery:discover_packages(ignore) using defaults
[1.472s] Level 1:colcon.colcon_core.package_discovery:discover_packages(path) discover
[1.472s] Level 1:colcon.colcon_core.package_discovery:discover_packages(path) using defaults
[1.599s] Level 1:colcon.colcon_core.package_discovery:discover_packages(prefix_path) check parameters
[1.599s] Level 1:colcon.colcon_core.package_discovery:discover_packages(prefix_path) discover
[1.610s] DEBUG:colcon.colcon_installed_package_information.package_discovery:Found 1 installed packages in /home/mrstalford/ros2_ws/src/pavbot_gps/install
[1.613s] DEBUG:colcon.colcon_installed_package_information.package_discovery:Found 3 installed packages in /home/mrstalford/ros2_ws/install
[1.615s] DEBUG:colcon.colcon_installed_package_information.package_discovery:Found 1 installed packages in /home/mrstalford/ros2_ws/src/pavbot_imu/install
[1.625s] DEBUG:colcon.colcon_installed_package_information.package_discovery:Found 272 installed packages in /opt/ros/humble
[1.631s] Level 1:colcon.colcon_core.package_discovery:discover_packages(prefix_path) using defaults
[1.799s] Level 5:colcon.colcon_core.verb:set package 'pavbot_gps' build argument 'cmake_args' from command line to 'None'
[1.800s] Level 5:colcon.colcon_core.verb:set package 'pavbot_gps' build argument 'cmake_target' from command line to 'None'
[1.800s] Level 5:colcon.colcon_core.verb:set package 'pavbot_gps' build argument 'cmake_target_skip_unavailable' from command line to 'False'
[1.800s] Level 5:colcon.colcon_core.verb:set package 'pavbot_gps' build argument 'cmake_clean_cache' from command line to 'False'
[1.800s] Level 5:colcon.colcon_core.verb:set package 'pavbot_gps' build argument 'cmake_clean_first' from command line to 'False'
[1.800s] Level 5:colcon.colcon_core.verb:set package 'pavbot_gps' build argument 'cmake_force_configure' from command line to 'False'
[1.800s] Level 5:colcon.colcon_core.verb:set package 'pavbot_gps' build argument 'ament_cmake_args' from command line to 'None'
[1.800s] Level 5:colcon.colcon_core.verb:set package 'pavbot_gps' build argument 'catkin_cmake_args' from command line to 'None'
[1.800s] Level 5:colcon.colcon_core.verb:set package 'pavbot_gps' build argument 'catkin_skip_building_tests' from command line to 'False'
[1.801s] DEBUG:colcon.colcon_core.verb:Building package 'pavbot_gps' with the following arguments: {'ament_cmake_args': None, 'build_base': '/home/mrstalford/ros2_ws/src/pavbot_gps/build/pavbot_gps', 'catkin_cmake_args': None, 'catkin_skip_building_tests': False, 'cmake_args': None, 'cmake_clean_cache': False, 'cmake_clean_first': False, 'cmake_force_configure': False, 'cmake_target': None, 'cmake_target_skip_unavailable': False, 'install_base': '/home/mrstalford/ros2_ws/src/pavbot_gps/install/pavbot_gps', 'merge_install': False, 'path': '/home/mrstalford/ros2_ws/src/pavbot_gps', 'symlink_install': False, 'test_result_base': None}
[1.801s] INFO:colcon.colcon_core.executor:Executing jobs using 'parallel' executor
[1.805s] DEBUG:colcon.colcon_parallel_executor.executor.parallel:run_until_complete
[1.806s] INFO:colcon.colcon_ros.task.ament_cmake.build:Building ROS package in '/home/mrstalford/ros2_ws/src/pavbot_gps' with build type 'ament_cmake'
[1.806s] INFO:colcon.colcon_cmake.task.cmake.build:Building CMake package in '/home/mrstalford/ros2_ws/src/pavbot_gps'
[1.815s] INFO:colcon.colcon_core.plugin_system:Skipping extension 'colcon_core.shell.bat': Not used on non-Windows systems
[1.816s] INFO:colcon.colcon_core.shell:Skip shell extension 'powershell' for command environment: Not usable outside of PowerShell
[1.816s] DEBUG:colcon.colcon_core.shell:Skip shell extension 'dsv' for command environment
[1.879s] DEBUG:colcon.colcon_core.event_handler.log_command:Invoking command in '/home/mrstalford/ros2_ws/src/pavbot_gps/build/pavbot_gps': CMAKE_PREFIX_PATH=${CMAKE_PREFIX_PATH}:/opt/ros/humble /usr/bin/cmake --build /home/mrstalford/ros2_ws/src/pavbot_gps/build/pavbot_gps -- -j4 -l4
[22.309s] DEBUG:colcon.colcon_core.event_handler.log_command:Invoked command in '/home/mrstalford/ros2_ws/src/pavbot_gps/build/pavbot_gps' returned '0': CMAKE_PREFIX_PATH=${CMAKE_PREFIX_PATH}:/opt/ros/humble /usr/bin/cmake --build /home/mrstalford/ros2_ws/src/pavbot_gps/build/pavbot_gps -- -j4 -l4
[22.354s] DEBUG:colcon.colcon_core.event_handler.log_command:Invoking command in '/home/mrstalford/ros2_ws/src/pavbot_gps/build/pavbot_gps': CMAKE_PREFIX_PATH=${CMAKE_PREFIX_PATH}:/opt/ros/humble /usr/bin/cmake --install /home/mrstalford/ros2_ws/src/pavbot_gps/build/pavbot_gps
[22.411s] Level 1:colcon.colcon_core.environment:create_environment_scripts_only(pavbot_gps)
[22.413s] DEBUG:colcon.colcon_core.event_handler.log_command:Invoked command in '/home/mrstalford/ros2_ws/src/pavbot_gps/build/pavbot_gps' returned '0': CMAKE_PREFIX_PATH=${CMAKE_PREFIX_PATH}:/opt/ros/humble /usr/bin/cmake --install /home/mrstalford/ros2_ws/src/pavbot_gps/build/pavbot_gps
[22.427s] Level 1:colcon.colcon_core.environment:checking '/home/mrstalford/ros2_ws/src/pavbot_gps/install/pavbot_gps' for CMake module files
[22.430s] Level 1:colcon.colcon_core.environment:checking '/home/mrstalford/ros2_ws/src/pavbot_gps/install/pavbot_gps' for CMake config files
[22.432s] Level 1:colcon.colcon_core.shell:create_environment_hook('pavbot_gps', 'cmake_prefix_path')
[22.433s] INFO:colcon.colcon_core.shell:Creating environment hook '/home/mrstalford/ros2_ws/src/pavbot_gps/install/pavbot_gps/share/pavbot_gps/hook/cmake_prefix_path.ps1'
[22.436s] INFO:colcon.colcon_core.shell:Creating environment descriptor '/home/mrstalford/ros2_ws/src/pavbot_gps/install/pavbot_gps/share/pavbot_gps/hook/cmake_prefix_path.dsv'
[22.438s] INFO:colcon.colcon_core.shell:Creating environment hook '/home/mrstalford/ros2_ws/src/pavbot_gps/install/pavbot_gps/share/pavbot_gps/hook/cmake_prefix_path.sh'
[22.443s] Level 1:colcon.colcon_core.environment:checking '/home/mrstalford/ros2_ws/src/pavbot_gps/install/pavbot_gps/lib'
[22.443s] Level 1:colcon.colcon_core.environment:checking '/home/mrstalford/ros2_ws/src/pavbot_gps/install/pavbot_gps/bin'
[22.444s] Level 1:colcon.colcon_core.environment:checking '/home/mrstalford/ros2_ws/src/pavbot_gps/install/pavbot_gps/lib/pkgconfig/pavbot_gps.pc'
[22.445s] Level 1:colcon.colcon_core.environment:checking '/home/mrstalford/ros2_ws/src/pavbot_gps/install/pavbot_gps/lib/python3.10/site-packages'
[22.446s] Level 1:colcon.colcon_core.environment:checking '/home/mrstalford/ros2_ws/src/pavbot_gps/install/pavbot_gps/bin'
[22.448s] INFO:colcon.colcon_core.shell:Creating package script '/home/mrstalford/ros2_ws/src/pavbot_gps/install/pavbot_gps/share/pavbot_gps/package.ps1'
[22.451s] INFO:colcon.colcon_core.shell:Creating package descriptor '/home/mrstalford/ros2_ws/src/pavbot_gps/install/pavbot_gps/share/pavbot_gps/package.dsv'
[22.454s] INFO:colcon.colcon_core.shell:Creating package script '/home/mrstalford/ros2_ws/src/pavbot_gps/install/pavbot_gps/share/pavbot_gps/package.sh'
[22.457s] INFO:colcon.colcon_core.shell:Creating package script '/home/mrstalford/ros2_ws/src/pavbot_gps/install/pavbot_gps/share/pavbot_gps/package.bash'
[22.461s] INFO:colcon.colcon_core.shell:Creating package script '/home/mrstalford/ros2_ws/src/pavbot_gps/install/pavbot_gps/share/pavbot_gps/package.zsh'
[22.464s] Level 1:colcon.colcon_core.environment:create_file_with_runtime_dependencies(/home/mrstalford/ros2_ws/src/pavbot_gps/install/pavbot_gps/share/colcon-core/packages/pavbot_gps)
[22.467s] Level 1:colcon.colcon_core.environment:create_environment_scripts_only(pavbot_gps)
[22.468s] Level 1:colcon.colcon_core.environment:checking '/home/mrstalford/ros2_ws/src/pavbot_gps/install/pavbot_gps' for CMake module files
[22.471s] Level 1:colcon.colcon_core.environment:checking '/home/mrstalford/ros2_ws/src/pavbot_gps/install/pavbot_gps' for CMake config files
[22.473s] Level 1:colcon.colcon_core.shell:create_environment_hook('pavbot_gps', 'cmake_prefix_path')
[22.474s] INFO:colcon.colcon_core.shell:Creating environment hook '/home/mrstalford/ros2_ws/src/pavbot_gps/install/pavbot_gps/share/pavbot_gps/hook/cmake_prefix_path.ps1'
[22.476s] INFO:colcon.colcon_core.shell:Creating environment descriptor '/home/mrstalford/ros2_ws/src/pavbot_gps/install/pavbot_gps/share/pavbot_gps/hook/cmake_prefix_path.dsv'
[22.478s] INFO:colcon.colcon_core.shell:Creating environment hook '/home/mrstalford/ros2_ws/src/pavbot_gps/install/pavbot_gps/share/pavbot_gps/hook/cmake_prefix_path.sh'
[22.481s] Level 1:colcon.colcon_core.environment:checking '/home/mrstalford/ros2_ws/src/pavbot_gps/install/pavbot_gps/lib'
[22.481s] Level 1:colcon.colcon_core.environment:checking '/home/mrstalford/ros2_ws/src/pavbot_gps/install/pavbot_gps/bin'
[22.481s] Level 1:colcon.colcon_core.environment:checking '/home/mrstalford/ros2_ws/src/pavbot_gps/install/pavbot_gps/lib/pkgconfig/pavbot_gps.pc'
[22.483s] Level 1:colcon.colcon_core.environment:checking '/home/mrstalford/ros2_ws/src/pavbot_gps/install/pavbot_gps/lib/python3.10/site-packages'
[22.484s] Level 1:colcon.colcon_core.environment:checking '/home/mrstalford/ros2_ws/src/pavbot_gps/install/pavbot_gps/bin'
[22.485s] INFO:colcon.colcon_core.shell:Creating package script '/home/mrstalford/ros2_ws/src/pavbot_gps/install/pavbot_gps/share/pavbot_gps/package.ps1'
[22.488s] INFO:colcon.colcon_core.shell:Creating package descriptor '/home/mrstalford/ros2_ws/src/pavbot_gps/install/pavbot_gps/share/pavbot_gps/package.dsv'
[22.491s] INFO:colcon.colcon_core.shell:Creating package script '/home/mrstalford/ros2_ws/src/pavbot_gps/install/pavbot_gps/share/pavbot_gps/package.sh'
[22.493s] INFO:colcon.colcon_core.shell:Creating package script '/home/mrstalford/ros2_ws/src/pavbot_gps/install/pavbot_gps/share/pavbot_gps/package.bash'
[22.496s] INFO:colcon.colcon_core.shell:Creating package script '/home/mrstalford/ros2_ws/src/pavbot_gps/install/pavbot_gps/share/pavbot_gps/package.zsh'
[22.498s] Level 1:colcon.colcon_core.environment:create_file_with_runtime_dependencies(/home/mrstalford/ros2_ws/src/pavbot_gps/install/pavbot_gps/share/colcon-core/packages/pavbot_gps)
[22.500s] DEBUG:colcon.colcon_parallel_executor.executor.parallel:closing loop
[22.501s] DEBUG:colcon.colcon_parallel_executor.executor.parallel:loop closed
[22.501s] DEBUG:colcon.colcon_parallel_executor.executor.parallel:run_until_complete finished with '0'
[22.502s] DEBUG:colcon.colcon_core.event_reactor:joining thread
[22.532s] INFO:colcon.colcon_core.plugin_system:Skipping extension 'colcon_notification.desktop_notification.terminal_notifier': Not used on non-Darwin systems
[22.533s] INFO:colcon.colcon_core.plugin_system:Skipping extension 'colcon_notification.desktop_notification.win32': Not used on non-Windows systems
[22.533s] INFO:colcon.colcon_notification.desktop_notification:Sending desktop notification using 'notify2'
[22.597s] DEBUG:colcon.colcon_core.event_reactor:joined thread
[22.599s] INFO:colcon.colcon_core.shell:Creating prefix script '/home/mrstalford/ros2_ws/src/pavbot_gps/install/local_setup.ps1'
[22.603s] INFO:colcon.colcon_core.shell:Creating prefix util module '/home/mrstalford/ros2_ws/src/pavbot_gps/install/_local_setup_util_ps1.py'
[22.612s] INFO:colcon.colcon_core.shell:Creating prefix chain script '/home/mrstalford/ros2_ws/src/pavbot_gps/install/setup.ps1'
[22.621s] INFO:colcon.colcon_core.shell:Creating prefix script '/home/mrstalford/ros2_ws/src/pavbot_gps/install/local_setup.sh'
[22.626s] INFO:colcon.colcon_core.shell:Creating prefix util module '/home/mrstalford/ros2_ws/src/pavbot_gps/install/_local_setup_util_sh.py'
[22.631s] INFO:colcon.colcon_core.shell:Creating prefix chain script '/home/mrstalford/ros2_ws/src/pavbot_gps/install/setup.sh'
[22.639s] INFO:colcon.colcon_core.shell:Creating prefix script '/home/mrstalford/ros2_ws/src/pavbot_gps/install/local_setup.bash'
[22.642s] INFO:colcon.colcon_core.shell:Creating prefix chain script '/home/mrstalford/ros2_ws/src/pavbot_gps/install/setup.bash'
[22.650s] INFO:colcon.colcon_core.shell:Creating prefix script '/home/mrstalford/ros2_ws/src/pavbot_gps/install/local_setup.zsh'
[22.654s] INFO:colcon.colcon_core.shell:Creating prefix chain script '/home/mrstalford/ros2_ws/src/pavbot_gps/install/setup.zsh'
