[0.471s] DEBUG:colcon:Command line arguments: ['/usr/bin/colcon', 'build']
[0.471s] DEBUG:colcon:Parsed command line arguments: Namespace(log_base=None, log_level=None, verb_name='build', build_base='build', install_base='install', merge_install=False, symlink_install=False, test_result_base=None, continue_on_error=False, executor='parallel', parallel_workers=4, event_handlers=None, ignore_user_meta=False, metas=['./colcon.meta'], base_paths=['.'], packages_ignore=None, packages_ignore_regex=None, paths=None, packages_up_to=None, packages_up_to_regex=None, packages_above=None, packages_above_and_dependencies=None, packages_above_depth=None, packages_select_by_dep=None, packages_skip_by_dep=None, packages_skip_up_to=None, packages_select_build_failed=False, packages_skip_build_finished=False, packages_select_test_failures=False, packages_skip_test_passed=False, packages_select=None, packages_skip=None, packages_select_regex=None, packages_skip_regex=None, packages_start=None, packages_end=None, allow_overriding=[], cmake_args=None, cmake_target=None, cmake_target_skip_unavailable=False, cmake_clean_cache=False, cmake_clean_first=False, cmake_force_configure=False, ament_cmake_args=None, catkin_cmake_args=None, catkin_skip_building_tests=False, mixin_files=None, mixin=None, verb_parser=<colcon_mixin.mixin.mixin_argument.MixinArgumentDecorator object at 0xffff9ff61180>, verb_extension=<colcon_core.verb.build.BuildVerb object at 0xffffa010a0e0>, main=<bound method BuildVerb.main of <colcon_core.verb.build.BuildVerb object at 0xffffa010a0e0>>, mixin_verb=('build',))
[1.968s] Level 1:colcon.colcon_core.package_discovery:discover_packages(colcon_meta) check parameters
[1.969s] Level 1:colcon.colcon_core.package_discovery:discover_packages(recursive) check parameters
[1.973s] Level 1:colcon.colcon_core.package_discovery:discover_packages(ignore) check parameters
[1.973s] Level 1:colcon.colcon_core.package_discovery:discover_packages(path) check parameters
[1.974s] Level 1:colcon.colcon_core.package_discovery:discover_packages(colcon_meta) discover
[1.975s] Level 1:colcon.colcon_core.package_discovery:discover_packages(recursive) discover
[1.977s] INFO:colcon.colcon_core.package_discovery:Crawling recursively for packages in '/home/mrstalford/ros2_ws/src/pavbot_gps'
[1.978s] Level 1:colcon.colcon_core.package_identification:_identify(.) by extensions ['ignore', 'ignore_ament_install']
[1.979s] Level 1:colcon.colcon_core.package_identification:_identify(.) by extension 'ignore'
[1.980s] Level 1:colcon.colcon_core.package_identification:_identify(.) by extension 'ignore_ament_install'
[1.980s] Level 1:colcon.colcon_core.package_identification:_identify(.) by extensions ['colcon_pkg']
[1.980s] Level 1:colcon.colcon_core.package_identification:_identify(.) by extension 'colcon_pkg'
[1.981s] Level 1:colcon.colcon_core.package_identification:_identify(.) by extensions ['colcon_meta']
[1.981s] Level 1:colcon.colcon_core.package_identification:_identify(.) by extension 'colcon_meta'
[1.981s] Level 1:colcon.colcon_core.package_identification:_identify(.) by extensions ['ros']
[1.981s] Level 1:colcon.colcon_core.package_identification:_identify(.) by extension 'ros'
[2.111s] DEBUG:colcon.colcon_core.package_identification:Package '.' with type 'ros.ament_cmake' and name 'pavbot_gps'
[2.112s] Level 1:colcon.colcon_core.package_discovery:discover_packages(recursive) using defaults
[2.112s] Level 1:colcon.colcon_core.package_discovery:discover_packages(ignore) discover
[2.113s] Level 1:colcon.colcon_core.package_discovery:discover_packages(ignore) using defaults
[2.113s] Level 1:colcon.colcon_core.package_discovery:discover_packages(path) discover
[2.113s] Level 1:colcon.colcon_core.package_discovery:discover_packages(path) using defaults
[2.291s] Level 1:colcon.colcon_core.package_discovery:discover_packages(prefix_path) check parameters
[2.291s] Level 1:colcon.colcon_core.package_discovery:discover_packages(prefix_path) discover
[2.308s] DEBUG:colcon.colcon_installed_package_information.package_discovery:Found 1 installed packages in /home/mrstalford/ros2_ws/src/pavbot_gps/install
[2.312s] DEBUG:colcon.colcon_installed_package_information.package_discovery:Found 3 installed packages in /home/mrstalford/ros2_ws/install
[2.323s] DEBUG:colcon.colcon_installed_package_information.package_discovery:Found 272 installed packages in /opt/ros/humble
[2.332s] Level 1:colcon.colcon_core.package_discovery:discover_packages(prefix_path) using defaults
[2.673s] Level 5:colcon.colcon_core.verb:set package 'pavbot_gps' build argument 'cmake_args' from command line to 'None'
[2.674s] Level 5:colcon.colcon_core.verb:set package 'pavbot_gps' build argument 'cmake_target' from command line to 'None'
[2.674s] Level 5:colcon.colcon_core.verb:set package 'pavbot_gps' build argument 'cmake_target_skip_unavailable' from command line to 'False'
[2.674s] Level 5:colcon.colcon_core.verb:set package 'pavbot_gps' build argument 'cmake_clean_cache' from command line to 'False'
[2.675s] Level 5:colcon.colcon_core.verb:set package 'pavbot_gps' build argument 'cmake_clean_first' from command line to 'False'
[2.675s] Level 5:colcon.colcon_core.verb:set package 'pavbot_gps' build argument 'cmake_force_configure' from command line to 'False'
[2.675s] Level 5:colcon.colcon_core.verb:set package 'pavbot_gps' build argument 'ament_cmake_args' from command line to 'None'
[2.675s] Level 5:colcon.colcon_core.verb:set package 'pavbot_gps' build argument 'catkin_cmake_args' from command line to 'None'
[2.676s] Level 5:colcon.colcon_core.verb:set package 'pavbot_gps' build argument 'catkin_skip_building_tests' from command line to 'False'
[2.676s] DEBUG:colcon.colcon_core.verb:Building package 'pavbot_gps' with the following arguments: {'ament_cmake_args': None, 'build_base': '/home/mrstalford/ros2_ws/src/pavbot_gps/build/pavbot_gps', 'catkin_cmake_args': None, 'catkin_skip_building_tests': False, 'cmake_args': None, 'cmake_clean_cache': False, 'cmake_clean_first': False, 'cmake_force_configure': False, 'cmake_target': None, 'cmake_target_skip_unavailable': False, 'install_base': '/home/mrstalford/ros2_ws/src/pavbot_gps/install/pavbot_gps', 'merge_install': False, 'path': '/home/mrstalford/ros2_ws/src/pavbot_gps', 'symlink_install': False, 'test_result_base': None}
[2.677s] INFO:colcon.colcon_core.executor:Executing jobs using 'parallel' executor
[2.685s] DEBUG:colcon.colcon_parallel_executor.executor.parallel:run_until_complete
[2.687s] INFO:colcon.colcon_ros.task.ament_cmake.build:Building ROS package in '/home/mrstalford/ros2_ws/src/pavbot_gps' with build type 'ament_cmake'
[2.688s] INFO:colcon.colcon_cmake.task.cmake.build:Building CMake package in '/home/mrstalford/ros2_ws/src/pavbot_gps'
[2.714s] INFO:colcon.colcon_core.plugin_system:Skipping extension 'colcon_core.shell.bat': Not used on non-Windows systems
[2.716s] INFO:colcon.colcon_core.shell:Skip shell extension 'powershell' for command environment: Not usable outside of PowerShell
[2.717s] DEBUG:colcon.colcon_core.shell:Skip shell extension 'dsv' for command environment
[2.802s] DEBUG:colcon.colcon_core.event_handler.log_command:Invoking command in '/home/mrstalford/ros2_ws/src/pavbot_gps/build/pavbot_gps': CMAKE_PREFIX_PATH=${CMAKE_PREFIX_PATH}:/opt/ros/humble /usr/bin/cmake --build /home/mrstalford/ros2_ws/src/pavbot_gps/build/pavbot_gps -- -j4 -l4
[25.786s] DEBUG:colcon.colcon_core.event_handler.log_command:Invoked command in '/home/mrstalford/ros2_ws/src/pavbot_gps/build/pavbot_gps' returned '0': CMAKE_PREFIX_PATH=${CMAKE_PREFIX_PATH}:/opt/ros/humble /usr/bin/cmake --build /home/mrstalford/ros2_ws/src/pavbot_gps/build/pavbot_gps -- -j4 -l4
[25.848s] DEBUG:colcon.colcon_core.event_handler.log_command:Invoking command in '/home/mrstalford/ros2_ws/src/pavbot_gps/build/pavbot_gps': CMAKE_PREFIX_PATH=${CMAKE_PREFIX_PATH}:/opt/ros/humble /usr/bin/cmake --install /home/mrstalford/ros2_ws/src/pavbot_gps/build/pavbot_gps
[25.956s] Level 1:colcon.colcon_core.environment:create_environment_scripts_only(pavbot_gps)
[25.975s] DEBUG:colcon.colcon_core.event_handler.log_command:Invoked command in '/home/mrstalford/ros2_ws/src/pavbot_gps/build/pavbot_gps' returned '0': CMAKE_PREFIX_PATH=${CMAKE_PREFIX_PATH}:/opt/ros/humble /usr/bin/cmake --install /home/mrstalford/ros2_ws/src/pavbot_gps/build/pavbot_gps
[26.004s] Level 1:colcon.colcon_core.environment:checking '/home/mrstalford/ros2_ws/src/pavbot_gps/install/pavbot_gps' for CMake module files
[26.010s] Level 1:colcon.colcon_core.environment:checking '/home/mrstalford/ros2_ws/src/pavbot_gps/install/pavbot_gps' for CMake config files
[26.013s] Level 1:colcon.colcon_core.shell:create_environment_hook('pavbot_gps', 'cmake_prefix_path')
[26.014s] INFO:colcon.colcon_core.shell:Creating environment hook '/home/mrstalford/ros2_ws/src/pavbot_gps/install/pavbot_gps/share/pavbot_gps/hook/cmake_prefix_path.ps1'
[26.019s] INFO:colcon.colcon_core.shell:Creating environment descriptor '/home/mrstalford/ros2_ws/src/pavbot_gps/install/pavbot_gps/share/pavbot_gps/hook/cmake_prefix_path.dsv'
[26.028s] INFO:colcon.colcon_core.shell:Creating environment hook '/home/mrstalford/ros2_ws/src/pavbot_gps/install/pavbot_gps/share/pavbot_gps/hook/cmake_prefix_path.sh'
[26.038s] Level 1:colcon.colcon_core.environment:checking '/home/mrstalford/ros2_ws/src/pavbot_gps/install/pavbot_gps/lib'
[26.040s] Level 1:colcon.colcon_core.environment:checking '/home/mrstalford/ros2_ws/src/pavbot_gps/install/pavbot_gps/bin'
[26.041s] Level 1:colcon.colcon_core.environment:checking '/home/mrstalford/ros2_ws/src/pavbot_gps/install/pavbot_gps/lib/pkgconfig/pavbot_gps.pc'
[26.043s] Level 1:colcon.colcon_core.environment:checking '/home/mrstalford/ros2_ws/src/pavbot_gps/install/pavbot_gps/lib/python3.10/site-packages'
[26.047s] Level 1:colcon.colcon_core.environment:checking '/home/mrstalford/ros2_ws/src/pavbot_gps/install/pavbot_gps/bin'
[26.052s] INFO:colcon.colcon_core.shell:Creating package script '/home/mrstalford/ros2_ws/src/pavbot_gps/install/pavbot_gps/share/pavbot_gps/package.ps1'
[26.063s] INFO:colcon.colcon_core.shell:Creating package descriptor '/home/mrstalford/ros2_ws/src/pavbot_gps/install/pavbot_gps/share/pavbot_gps/package.dsv'
[26.067s] INFO:colcon.colcon_core.shell:Creating package script '/home/mrstalford/ros2_ws/src/pavbot_gps/install/pavbot_gps/share/pavbot_gps/package.sh'
[26.076s] INFO:colcon.colcon_core.shell:Creating package script '/home/mrstalford/ros2_ws/src/pavbot_gps/install/pavbot_gps/share/pavbot_gps/package.bash'
[26.082s] INFO:colcon.colcon_core.shell:Creating package script '/home/mrstalford/ros2_ws/src/pavbot_gps/install/pavbot_gps/share/pavbot_gps/package.zsh'
[26.088s] Level 1:colcon.colcon_core.environment:create_file_with_runtime_dependencies(/home/mrstalford/ros2_ws/src/pavbot_gps/install/pavbot_gps/share/colcon-core/packages/pavbot_gps)
[26.095s] Level 1:colcon.colcon_core.environment:create_environment_scripts_only(pavbot_gps)
[26.097s] Level 1:colcon.colcon_core.environment:checking '/home/mrstalford/ros2_ws/src/pavbot_gps/install/pavbot_gps' for CMake module files
[26.102s] Level 1:colcon.colcon_core.environment:checking '/home/mrstalford/ros2_ws/src/pavbot_gps/install/pavbot_gps' for CMake config files
[26.107s] Level 1:colcon.colcon_core.shell:create_environment_hook('pavbot_gps', 'cmake_prefix_path')
[26.109s] INFO:colcon.colcon_core.shell:Creating environment hook '/home/mrstalford/ros2_ws/src/pavbot_gps/install/pavbot_gps/share/pavbot_gps/hook/cmake_prefix_path.ps1'
[26.114s] INFO:colcon.colcon_core.shell:Creating environment descriptor '/home/mrstalford/ros2_ws/src/pavbot_gps/install/pavbot_gps/share/pavbot_gps/hook/cmake_prefix_path.dsv'
[26.119s] INFO:colcon.colcon_core.shell:Creating environment hook '/home/mrstalford/ros2_ws/src/pavbot_gps/install/pavbot_gps/share/pavbot_gps/hook/cmake_prefix_path.sh'
[26.127s] Level 1:colcon.colcon_core.environment:checking '/home/mrstalford/ros2_ws/src/pavbot_gps/install/pavbot_gps/lib'
[26.130s] Level 1:colcon.colcon_core.environment:checking '/home/mrstalford/ros2_ws/src/pavbot_gps/install/pavbot_gps/bin'
[26.132s] Level 1:colcon.colcon_core.environment:checking '/home/mrstalford/ros2_ws/src/pavbot_gps/install/pavbot_gps/lib/pkgconfig/pavbot_gps.pc'
[26.136s] Level 1:colcon.colcon_core.environment:checking '/home/mrstalford/ros2_ws/src/pavbot_gps/install/pavbot_gps/lib/python3.10/site-packages'
[26.141s] Level 1:colcon.colcon_core.environment:checking '/home/mrstalford/ros2_ws/src/pavbot_gps/install/pavbot_gps/bin'
[26.145s] INFO:colcon.colcon_core.shell:Creating package script '/home/mrstalford/ros2_ws/src/pavbot_gps/install/pavbot_gps/share/pavbot_gps/package.ps1'
[26.151s] INFO:colcon.colcon_core.shell:Creating package descriptor '/home/mrstalford/ros2_ws/src/pavbot_gps/install/pavbot_gps/share/pavbot_gps/package.dsv'
[26.158s] INFO:colcon.colcon_core.shell:Creating package script '/home/mrstalford/ros2_ws/src/pavbot_gps/install/pavbot_gps/share/pavbot_gps/package.sh'
[26.172s] INFO:colcon.colcon_core.shell:Creating package script '/home/mrstalford/ros2_ws/src/pavbot_gps/install/pavbot_gps/share/pavbot_gps/package.bash'
[26.181s] INFO:colcon.colcon_core.shell:Creating package script '/home/mrstalford/ros2_ws/src/pavbot_gps/install/pavbot_gps/share/pavbot_gps/package.zsh'
[26.186s] Level 1:colcon.colcon_core.environment:create_file_with_runtime_dependencies(/home/mrstalford/ros2_ws/src/pavbot_gps/install/pavbot_gps/share/colcon-core/packages/pavbot_gps)
[26.191s] DEBUG:colcon.colcon_parallel_executor.executor.parallel:closing loop
[26.193s] DEBUG:colcon.colcon_parallel_executor.executor.parallel:loop closed
[26.194s] DEBUG:colcon.colcon_parallel_executor.executor.parallel:run_until_complete finished with '0'
[26.195s] DEBUG:colcon.colcon_core.event_reactor:joining thread
[26.242s] INFO:colcon.colcon_core.plugin_system:Skipping extension 'colcon_notification.desktop_notification.terminal_notifier': Not used on non-Darwin systems
[26.243s] INFO:colcon.colcon_core.plugin_system:Skipping extension 'colcon_notification.desktop_notification.win32': Not used on non-Windows systems
[26.243s] INFO:colcon.colcon_notification.desktop_notification:Sending desktop notification using 'notify2'
[26.300s] DEBUG:colcon.colcon_core.event_reactor:joined thread
[26.301s] INFO:colcon.colcon_core.shell:Creating prefix script '/home/mrstalford/ros2_ws/src/pavbot_gps/install/local_setup.ps1'
[26.306s] INFO:colcon.colcon_core.shell:Creating prefix util module '/home/mrstalford/ros2_ws/src/pavbot_gps/install/_local_setup_util_ps1.py'
[26.315s] INFO:colcon.colcon_core.shell:Creating prefix chain script '/home/mrstalford/ros2_ws/src/pavbot_gps/install/setup.ps1'
[26.327s] INFO:colcon.colcon_core.shell:Creating prefix script '/home/mrstalford/ros2_ws/src/pavbot_gps/install/local_setup.sh'
[26.332s] INFO:colcon.colcon_core.shell:Creating prefix util module '/home/mrstalford/ros2_ws/src/pavbot_gps/install/_local_setup_util_sh.py'
[26.336s] INFO:colcon.colcon_core.shell:Creating prefix chain script '/home/mrstalford/ros2_ws/src/pavbot_gps/install/setup.sh'
[26.344s] INFO:colcon.colcon_core.shell:Creating prefix script '/home/mrstalford/ros2_ws/src/pavbot_gps/install/local_setup.bash'
[26.348s] INFO:colcon.colcon_core.shell:Creating prefix chain script '/home/mrstalford/ros2_ws/src/pavbot_gps/install/setup.bash'
[26.357s] INFO:colcon.colcon_core.shell:Creating prefix script '/home/mrstalford/ros2_ws/src/pavbot_gps/install/local_setup.zsh'
[26.362s] INFO:colcon.colcon_core.shell:Creating prefix chain script '/home/mrstalford/ros2_ws/src/pavbot_gps/install/setup.zsh'
