[0.072s] Invoking command in '/home/mrstalford/ros2_ws/src/pavbot_gps/build/pavbot_gps': CMAKE_PREFIX_PATH=${CMAKE_PREFIX_PATH}:/opt/ros/humble /usr/bin/cmake --build /home/mrstalford/ros2_ws/src/pavbot_gps/build/pavbot_gps -- -j4 -l4
[0.261s] [35m[1mConsolidate compiler generated dependencies of target pavbot_gps[0m
[0.363s] [ 50%] [32mBuilding CXX object CMakeFiles/pavbot_gps.dir/src/pavbot_gps.cpp.o[0m
[11.041s] In file included from [01m[K/home/mrstalford/ros2_ws/src/pavbot_gps/src/pavbot_gps.cpp:16[m[K:
[11.042s] [01m[K/home/mrstalford/ros2_ws/src/pavbot_gps/src/gps.h:[m[K In member function ‘[01m[Kstd::pair<float, float> GPS::readLatLng()[m[K’:
[11.042s] [01m[K/home/mrstalford/ros2_ws/src/pavbot_gps/src/gps.h:60:42:[m[K [01;36m[Knote: [m[Kparameter passing for argument of type ‘[01m[Kstd::pair<float, float>[m[K’ when C++17 is enabled changed to match C++14 ]8;;https://gcc.gnu.org/gcc-10/changes.html#empty_basein GCC 10.1]8;;
[11.043s]    60 |     std::pair<float, float> readLatLng() [01;36m[K{[m[K
[11.043s]       |                                          [01;36m[K^[m[K
[11.052s] [01m[K/home/mrstalford/ros2_ws/src/pavbot_gps/src/gps.h:62:42:[m[K [01;31m[Kerror: [m[Kconversion from ‘[01m[Kstd::pair<int, int>*[m[K’ to non-scalar type ‘[01m[Kstd::pair<float, float>[m[K’ requested
[11.053s]    62 |        std::pair<float, float> latLng = [01;31m[Knew std::pair(0, 0)[m[K;
[11.054s]       |                                         [01;31m[K^~~~~~~~~~~~~~~~~~~[m[K
[11.054s] 
[11.055s] [01m[K/home/mrstalford/ros2_ws/src/pavbot_gps/src/gps.h:63:41:[m[K [01;31m[Kerror: [m[Kcould not convert ‘[01m[Kfalse[m[K’ from ‘[01m[Kbool[m[K’ to ‘[01m[Kstd::pair<float, float>[m[K’
[11.056s]    63 |         if (sentence.size() < 6) return [01;31m[Kfalse[m[K; // Dud
[11.056s]       |                                         [01;31m[K^~~~~[m[K
[11.057s]       |                                         [01;31m[K|[m[K
[11.058s]       |                                         [01;31m[Kbool[m[K
[11.059s] [01m[K/home/mrstalford/ros2_ws/src/pavbot_gps/src/gps.h:68:39:[m[K [01;31m[Kerror: [m[Kcould not convert ‘[01m[Kfalse[m[K’ from ‘[01m[Kbool[m[K’ to ‘[01m[Kstd::pair<float, float>[m[K’
[11.059s]    68 |         if (fields.size() < 7) return [01;31m[Kfalse[m[K; // Incomplete data; untrusted
[11.060s]       |                                       [01;31m[K^~~~~[m[K
[11.060s]       |                                       [01;31m[K|[m[K
[11.060s]       |                                       [01;31m[Kbool[m[K
[11.061s] [01m[K/home/mrstalford/ros2_ws/src/pavbot_gps/src/gps.h:69:38:[m[K [01;31m[Kerror: [m[Kcould not convert ‘[01m[Kfalse[m[K’ from ‘[01m[Kbool[m[K’ to ‘[01m[Kstd::pair<float, float>[m[K’
[11.061s]    69 |         if (fields[2] != "A") return [01;31m[Kfalse[m[K; // Not "A"ctive ("V"oid)
[11.062s]       |                                      [01;31m[K^~~~~[m[K
[11.062s]       |                                      [01;31m[K|[m[K
[11.063s]       |                                      [01;31m[Kbool[m[K
[11.063s] [01m[K/home/mrstalford/ros2_ws/src/pavbot_gps/src/gps.h:72:16:[m[K [01;31m[Kerror: [m[Kcould not convert ‘[01m[Ktrue[m[K’ from ‘[01m[Kbool[m[K’ to ‘[01m[Kstd::pair<float, float>[m[K’
[11.064s]    72 |         return [01;31m[Ktrue[m[K;
[11.064s]       |                [01;31m[K^~~~[m[K
[11.064s]       |                [01;31m[K|[m[K
[11.065s]       |                [01;31m[Kbool[m[K
[11.065s] [01m[K/home/mrstalford/ros2_ws/src/pavbot_gps/src/gps.h:77:39:[m[K [01;31m[Kerror: [m[Kcould not convert ‘[01m[Kfalse[m[K’ from ‘[01m[Kbool[m[K’ to ‘[01m[Kstd::pair<float, float>[m[K’
[11.066s]    77 |         if (fields.size() < 6) return [01;31m[Kfalse[m[K; // Incomplete data; untrusted
[11.066s]       |                                       [01;31m[K^~~~~[m[K
[11.067s]       |                                       [01;31m[K|[m[K
[11.067s]       |                                       [01;31m[Kbool[m[K
[11.067s] [01m[K/home/mrstalford/ros2_ws/src/pavbot_gps/src/gps.h:79:30:[m[K [01;31m[Kerror: [m[Kcould not convert ‘[01m[Kfalse[m[K’ from ‘[01m[Kbool[m[K’ to ‘[01m[Kstd::pair<float, float>[m[K’
[11.068s]    79 |         if (fix == 0) return [01;31m[Kfalse[m[K; // 0 ->  NO FIX
[11.068s]       |                              [01;31m[K^~~~~[m[K
[11.069s]       |                              [01;31m[K|[m[K
[11.069s]       |                              [01;31m[Kbool[m[K
[11.070s] [01m[K/home/mrstalford/ros2_ws/src/pavbot_gps/src/gps.h:82:16:[m[K [01;31m[Kerror: [m[Kcould not convert ‘[01m[Ktrue[m[K’ from ‘[01m[Kbool[m[K’ to ‘[01m[Kstd::pair<float, float>[m[K’
[11.070s]    82 |         return [01;31m[Ktrue[m[K;
[11.071s]       |                [01;31m[K^~~~[m[K
[11.071s]       |                [01;31m[K|[m[K
[11.071s]       |                [01;31m[Kbool[m[K
[11.072s] [01m[K/home/mrstalford/ros2_ws/src/pavbot_gps/src/gps.h:85:16:[m[K [01;31m[Kerror: [m[Kcould not convert ‘[01m[Kfalse[m[K’ from ‘[01m[Kbool[m[K’ to ‘[01m[Kstd::pair<float, float>[m[K’
[11.072s]    85 |         return [01;31m[Kfalse[m[K;
[11.073s]       |                [01;31m[K^~~~~[m[K
[11.073s]       |                [01;31m[K|[m[K
[11.073s]       |                [01;31m[Kbool[m[K
[11.074s] [01m[K/home/mrstalford/ros2_ws/src/pavbot_gps/src/gps.h:[m[K In member function ‘[01m[Kbool GPS::close()[m[K’:
[11.074s] [01m[K/home/mrstalford/ros2_ws/src/pavbot_gps/src/gps.h:90:5:[m[K [01;35m[Kwarning: [m[Kno return statement in function returning non-void [[01;35m[K]8;;https://gcc.gnu.org/onlinedocs/gcc/Warning-Options.html#index-Wreturn-type-Wreturn-type]8;;[m[K]
[11.075s]    90 |     [01;35m[K}[m[K
[11.075s]       |     [01;35m[K^[m[K
[11.166s] [01m[K/home/mrstalford/ros2_ws/src/pavbot_gps/src/pavbot_gps.cpp:[m[K In constructor ‘[01m[KPavbotGPS::PavbotGPS()[m[K’:
[11.167s] [01m[K/home/mrstalford/ros2_ws/src/pavbot_gps/src/pavbot_gps.cpp:87:5:[m[K [01;31m[Kerror: [m[K‘[01m[Klast_d_lat[m[K’ was not declared in this scope
[11.167s]    87 |     [01;31m[Klast_d_lat[m[K = 0;
[11.168s]       |     [01;31m[K^~~~~~~~~~[m[K
[11.190s] [01m[K/home/mrstalford/ros2_ws/src/pavbot_gps/src/pavbot_gps.cpp:88:5:[m[K [01;31m[Kerror: [m[K‘[01m[Klast_d_lng[m[K’ was not declared in this scope
[11.191s]    88 |     [01;31m[Klast_d_lng[m[K = 0;
[11.191s]       |     [01;31m[K^~~~~~~~~~[m[K
[14.343s] gmake[2]: *** [CMakeFiles/pavbot_gps.dir/build.make:76: CMakeFiles/pavbot_gps.dir/src/pavbot_gps.cpp.o] Error 1
[14.344s] gmake[1]: *** [CMakeFiles/Makefile2:137: CMakeFiles/pavbot_gps.dir/all] Error 2
[14.346s] gmake: *** [Makefile:146: all] Error 2
[14.356s] Invoked command in '/home/mrstalford/ros2_ws/src/pavbot_gps/build/pavbot_gps' returned '2': CMAKE_PREFIX_PATH=${CMAKE_PREFIX_PATH}:/opt/ros/humble /usr/bin/cmake --build /home/mrstalford/ros2_ws/src/pavbot_gps/build/pavbot_gps -- -j4 -l4
