[35m[1mConsolidate compiler generated dependencies of target pavbot_gps[0m
[ 50%] [32mBuilding CXX object CMakeFiles/pavbot_gps.dir/src/pavbot_gps.cpp.o[0m
[100%] [32m[1mLinking CXX executable pavbot_gps[0m
[100%] Built target pavbot_gps
-- Install configuration: ""
-- Installing: /home/mrstalford/ros2_ws/src/pavbot_gps/install/pavbot_gps/lib/pavbot_gps/pavbot_gps
-- Set runtime path of "/home/mrstalford/ros2_ws/src/pavbot_gps/install/pavbot_gps/lib/pavbot_gps/pavbot_gps" to ""
-- Up-to-date: /home/mrstalford/ros2_ws/src/pavbot_gps/install/pavbot_gps/share/pavbot_gps/launch
-- Up-to-date: /home/mrstalford/ros2_ws/src/pavbot_gps/install/pavbot_gps/share/pavbot_gps/launch/gps.launch.py
-- Up-to-date: /home/mrstalford/ros2_ws/src/pavbot_gps/install/pavbot_gps/share/ament_index/resource_index/package_run_dependencies/pavbot_gps
-- Up-to-date: /home/mrstalford/ros2_ws/src/pavbot_gps/install/pavbot_gps/share/ament_index/resource_index/parent_prefix_path/pavbot_gps
-- Up-to-date: /home/mrstalford/ros2_ws/src/pavbot_gps/install/pavbot_gps/share/pavbot_gps/environment/ament_prefix_path.sh
-- Up-to-date: /home/mrstalford/ros2_ws/src/pavbot_gps/install/pavbot_gps/share/pavbot_gps/environment/ament_prefix_path.dsv
-- Up-to-date: /home/mrstalford/ros2_ws/src/pavbot_gps/install/pavbot_gps/share/pavbot_gps/environment/path.sh
-- Up-to-date: /home/mrstalford/ros2_ws/src/pavbot_gps/install/pavbot_gps/share/pavbot_gps/environment/path.dsv
-- Up-to-date: /home/mrstalford/ros2_ws/src/pavbot_gps/install/pavbot_gps/share/pavbot_gps/local_setup.bash
-- Up-to-date: /home/mrstalford/ros2_ws/src/pavbot_gps/install/pavbot_gps/share/pavbot_gps/local_setup.sh
-- Up-to-date: /home/mrstalford/ros2_ws/src/pavbot_gps/install/pavbot_gps/share/pavbot_gps/local_setup.zsh
-- Up-to-date: /home/mrstalford/ros2_ws/src/pavbot_gps/install/pavbot_gps/share/pavbot_gps/local_setup.dsv
-- Installing: /home/mrstalford/ros2_ws/src/pavbot_gps/install/pavbot_gps/share/pavbot_gps/package.dsv
-- Up-to-date: /home/mrstalford/ros2_ws/src/pavbot_gps/install/pavbot_gps/share/ament_index/resource_index/packages/pavbot_gps
-- Up-to-date: /home/mrstalford/ros2_ws/src/pavbot_gps/install/pavbot_gps/share/pavbot_gps/cmake/pavbot_gpsConfig.cmake
-- Up-to-date: /home/mrstalford/ros2_ws/src/pavbot_gps/install/pavbot_gps/share/pavbot_gps/cmake/pavbot_gpsConfig-version.cmake
-- Up-to-date: /home/mrstalford/ros2_ws/src/pavbot_gps/install/pavbot_gps/share/pavbot_gps/package.xml
