[0.467s] DEBUG:colcon:Command line arguments: ['/usr/bin/colcon', 'build']
[0.467s] DEBUG:colcon:Parsed command line arguments: Namespace(log_base=None, log_level=None, verb_name='build', build_base='build', install_base='install', merge_install=False, symlink_install=False, test_result_base=None, continue_on_error=False, executor='parallel', parallel_workers=4, event_handlers=None, ignore_user_meta=False, metas=['./colcon.meta'], base_paths=['.'], packages_ignore=None, packages_ignore_regex=None, paths=None, packages_up_to=None, packages_up_to_regex=None, packages_above=None, packages_above_and_dependencies=None, packages_above_depth=None, packages_select_by_dep=None, packages_skip_by_dep=None, packages_skip_up_to=None, packages_select_build_failed=False, packages_skip_build_finished=False, packages_select_test_failures=False, packages_skip_test_passed=False, packages_select=None, packages_skip=None, packages_select_regex=None, packages_skip_regex=None, packages_start=None, packages_end=None, allow_overriding=[], cmake_args=None, cmake_target=None, cmake_target_skip_unavailable=False, cmake_clean_cache=False, cmake_clean_first=False, cmake_force_configure=False, ament_cmake_args=None, catkin_cmake_args=None, catkin_skip_building_tests=False, mixin_files=None, mixin=None, verb_parser=<colcon_mixin.mixin.mixin_argument.MixinArgumentDecorator object at 0xffffaa1b1180>, verb_extension=<colcon_core.verb.build.BuildVerb object at 0xffffaa35a0e0>, main=<bound method BuildVerb.main of <colcon_core.verb.build.BuildVerb object at 0xffffaa35a0e0>>, mixin_verb=('build',))
[1.665s] Level 1:colcon.colcon_core.package_discovery:discover_packages(colcon_meta) check parameters
[1.666s] Level 1:colcon.colcon_core.package_discovery:discover_packages(recursive) check parameters
[1.667s] Level 1:colcon.colcon_core.package_discovery:discover_packages(ignore) check parameters
[1.667s] Level 1:colcon.colcon_core.package_discovery:discover_packages(path) check parameters
[1.668s] Level 1:colcon.colcon_core.package_discovery:discover_packages(colcon_meta) discover
[1.668s] Level 1:colcon.colcon_core.package_discovery:discover_packages(recursive) discover
[1.669s] INFO:colcon.colcon_core.package_discovery:Crawling recursively for packages in '/home/mrstalford/ros2_ws/src/pavbot_gps'
[1.670s] Level 1:colcon.colcon_core.package_identification:_identify(.) by extensions ['ignore', 'ignore_ament_install']
[1.671s] Level 1:colcon.colcon_core.package_identification:_identify(.) by extension 'ignore'
[1.672s] Level 1:colcon.colcon_core.package_identification:_identify(.) by extension 'ignore_ament_install'
[1.673s] Level 1:colcon.colcon_core.package_identification:_identify(.) by extensions ['colcon_pkg']
[1.673s] Level 1:colcon.colcon_core.package_identification:_identify(.) by extension 'colcon_pkg'
[1.674s] Level 1:colcon.colcon_core.package_identification:_identify(.) by extensions ['colcon_meta']
[1.674s] Level 1:colcon.colcon_core.package_identification:_identify(.) by extension 'colcon_meta'
[1.674s] Level 1:colcon.colcon_core.package_identification:_identify(.) by extensions ['ros']
[1.675s] Level 1:colcon.colcon_core.package_identification:_identify(.) by extension 'ros'
[1.822s] DEBUG:colcon.colcon_core.package_identification:Package '.' with type 'ros.ament_cmake' and name 'pavbot_gps'
[1.823s] Level 1:colcon.colcon_core.package_discovery:discover_packages(recursive) using defaults
[1.824s] Level 1:colcon.colcon_core.package_discovery:discover_packages(ignore) discover
[1.824s] Level 1:colcon.colcon_core.package_discovery:discover_packages(ignore) using defaults
[1.825s] Level 1:colcon.colcon_core.package_discovery:discover_packages(path) discover
[1.825s] Level 1:colcon.colcon_core.package_discovery:discover_packages(path) using defaults
[2.125s] Level 1:colcon.colcon_core.package_discovery:discover_packages(prefix_path) check parameters
[2.126s] Level 1:colcon.colcon_core.package_discovery:discover_packages(prefix_path) discover
[2.158s] DEBUG:colcon.colcon_installed_package_information.package_discovery:Found 1 installed packages in /home/mrstalford/ros2_ws/src/pavbot_gps/install
[2.165s] DEBUG:colcon.colcon_installed_package_information.package_discovery:Found 3 installed packages in /home/mrstalford/ros2_ws/install
[2.173s] DEBUG:colcon.colcon_installed_package_information.package_discovery:Found 1 installed packages in /home/mrstalford/ros2_ws/src/pavbot_imu/install
[2.201s] DEBUG:colcon.colcon_installed_package_information.package_discovery:Found 272 installed packages in /opt/ros/humble
[2.219s] Level 1:colcon.colcon_core.package_discovery:discover_packages(prefix_path) using defaults
[2.427s] Level 5:colcon.colcon_core.verb:set package 'pavbot_gps' build argument 'cmake_args' from command line to 'None'
[2.428s] Level 5:colcon.colcon_core.verb:set package 'pavbot_gps' build argument 'cmake_target' from command line to 'None'
[2.428s] Level 5:colcon.colcon_core.verb:set package 'pavbot_gps' build argument 'cmake_target_skip_unavailable' from command line to 'False'
[2.428s] Level 5:colcon.colcon_core.verb:set package 'pavbot_gps' build argument 'cmake_clean_cache' from command line to 'False'
[2.428s] Level 5:colcon.colcon_core.verb:set package 'pavbot_gps' build argument 'cmake_clean_first' from command line to 'False'
[2.428s] Level 5:colcon.colcon_core.verb:set package 'pavbot_gps' build argument 'cmake_force_configure' from command line to 'False'
[2.428s] Level 5:colcon.colcon_core.verb:set package 'pavbot_gps' build argument 'ament_cmake_args' from command line to 'None'
[2.428s] Level 5:colcon.colcon_core.verb:set package 'pavbot_gps' build argument 'catkin_cmake_args' from command line to 'None'
[2.428s] Level 5:colcon.colcon_core.verb:set package 'pavbot_gps' build argument 'catkin_skip_building_tests' from command line to 'False'
[2.428s] DEBUG:colcon.colcon_core.verb:Building package 'pavbot_gps' with the following arguments: {'ament_cmake_args': None, 'build_base': '/home/mrstalford/ros2_ws/src/pavbot_gps/build/pavbot_gps', 'catkin_cmake_args': None, 'catkin_skip_building_tests': False, 'cmake_args': None, 'cmake_clean_cache': False, 'cmake_clean_first': False, 'cmake_force_configure': False, 'cmake_target': None, 'cmake_target_skip_unavailable': False, 'install_base': '/home/mrstalford/ros2_ws/src/pavbot_gps/install/pavbot_gps', 'merge_install': False, 'path': '/home/mrstalford/ros2_ws/src/pavbot_gps', 'symlink_install': False, 'test_result_base': None}
[2.429s] INFO:colcon.colcon_core.executor:Executing jobs using 'parallel' executor
[2.433s] DEBUG:colcon.colcon_parallel_executor.executor.parallel:run_until_complete
[2.434s] INFO:colcon.colcon_ros.task.ament_cmake.build:Building ROS package in '/home/mrstalford/ros2_ws/src/pavbot_gps' with build type 'ament_cmake'
[2.434s] INFO:colcon.colcon_cmake.task.cmake.build:Building CMake package in '/home/mrstalford/ros2_ws/src/pavbot_gps'
[2.443s] INFO:colcon.colcon_core.plugin_system:Skipping extension 'colcon_core.shell.bat': Not used on non-Windows systems
[2.444s] INFO:colcon.colcon_core.shell:Skip shell extension 'powershell' for command environment: Not usable outside of PowerShell
[2.444s] DEBUG:colcon.colcon_core.shell:Skip shell extension 'dsv' for command environment
[2.505s] DEBUG:colcon.colcon_core.event_handler.log_command:Invoking command in '/home/mrstalford/ros2_ws/src/pavbot_gps/build/pavbot_gps': CMAKE_PREFIX_PATH=${CMAKE_PREFIX_PATH}:/opt/ros/humble /usr/bin/cmake --build /home/mrstalford/ros2_ws/src/pavbot_gps/build/pavbot_gps -- -j4 -l4
[31.288s] DEBUG:colcon.colcon_core.event_handler.log_command:Invoked command in '/home/mrstalford/ros2_ws/src/pavbot_gps/build/pavbot_gps' returned '0': CMAKE_PREFIX_PATH=${CMAKE_PREFIX_PATH}:/opt/ros/humble /usr/bin/cmake --build /home/mrstalford/ros2_ws/src/pavbot_gps/build/pavbot_gps -- -j4 -l4
[31.336s] DEBUG:colcon.colcon_core.event_handler.log_command:Invoking command in '/home/mrstalford/ros2_ws/src/pavbot_gps/build/pavbot_gps': CMAKE_PREFIX_PATH=${CMAKE_PREFIX_PATH}:/opt/ros/humble /usr/bin/cmake --install /home/mrstalford/ros2_ws/src/pavbot_gps/build/pavbot_gps
[31.478s] Level 1:colcon.colcon_core.environment:create_environment_scripts_only(pavbot_gps)
[31.483s] DEBUG:colcon.colcon_core.event_handler.log_command:Invoked command in '/home/mrstalford/ros2_ws/src/pavbot_gps/build/pavbot_gps' returned '0': CMAKE_PREFIX_PATH=${CMAKE_PREFIX_PATH}:/opt/ros/humble /usr/bin/cmake --install /home/mrstalford/ros2_ws/src/pavbot_gps/build/pavbot_gps
[31.512s] Level 1:colcon.colcon_core.environment:checking '/home/mrstalford/ros2_ws/src/pavbot_gps/install/pavbot_gps' for CMake module files
[31.521s] Level 1:colcon.colcon_core.environment:checking '/home/mrstalford/ros2_ws/src/pavbot_gps/install/pavbot_gps' for CMake config files
[31.529s] Level 1:colcon.colcon_core.shell:create_environment_hook('pavbot_gps', 'cmake_prefix_path')
[31.532s] INFO:colcon.colcon_core.shell:Creating environment hook '/home/mrstalford/ros2_ws/src/pavbot_gps/install/pavbot_gps/share/pavbot_gps/hook/cmake_prefix_path.ps1'
[31.540s] INFO:colcon.colcon_core.shell:Creating environment descriptor '/home/mrstalford/ros2_ws/src/pavbot_gps/install/pavbot_gps/share/pavbot_gps/hook/cmake_prefix_path.dsv'
[31.545s] INFO:colcon.colcon_core.shell:Creating environment hook '/home/mrstalford/ros2_ws/src/pavbot_gps/install/pavbot_gps/share/pavbot_gps/hook/cmake_prefix_path.sh'
[31.554s] Level 1:colcon.colcon_core.environment:checking '/home/mrstalford/ros2_ws/src/pavbot_gps/install/pavbot_gps/lib'
[31.556s] Level 1:colcon.colcon_core.environment:checking '/home/mrstalford/ros2_ws/src/pavbot_gps/install/pavbot_gps/bin'
[31.558s] Level 1:colcon.colcon_core.environment:checking '/home/mrstalford/ros2_ws/src/pavbot_gps/install/pavbot_gps/lib/pkgconfig/pavbot_gps.pc'
[31.560s] Level 1:colcon.colcon_core.environment:checking '/home/mrstalford/ros2_ws/src/pavbot_gps/install/pavbot_gps/lib/python3.10/site-packages'
[31.564s] Level 1:colcon.colcon_core.environment:checking '/home/mrstalford/ros2_ws/src/pavbot_gps/install/pavbot_gps/bin'
[31.568s] INFO:colcon.colcon_core.shell:Creating package script '/home/mrstalford/ros2_ws/src/pavbot_gps/install/pavbot_gps/share/pavbot_gps/package.ps1'
[31.579s] INFO:colcon.colcon_core.shell:Creating package descriptor '/home/mrstalford/ros2_ws/src/pavbot_gps/install/pavbot_gps/share/pavbot_gps/package.dsv'
[31.586s] INFO:colcon.colcon_core.shell:Creating package script '/home/mrstalford/ros2_ws/src/pavbot_gps/install/pavbot_gps/share/pavbot_gps/package.sh'
[31.599s] INFO:colcon.colcon_core.shell:Creating package script '/home/mrstalford/ros2_ws/src/pavbot_gps/install/pavbot_gps/share/pavbot_gps/package.bash'
[31.610s] INFO:colcon.colcon_core.shell:Creating package script '/home/mrstalford/ros2_ws/src/pavbot_gps/install/pavbot_gps/share/pavbot_gps/package.zsh'
[31.621s] Level 1:colcon.colcon_core.environment:create_file_with_runtime_dependencies(/home/mrstalford/ros2_ws/src/pavbot_gps/install/pavbot_gps/share/colcon-core/packages/pavbot_gps)
[31.632s] Level 1:colcon.colcon_core.environment:create_environment_scripts_only(pavbot_gps)
[31.635s] Level 1:colcon.colcon_core.environment:checking '/home/mrstalford/ros2_ws/src/pavbot_gps/install/pavbot_gps' for CMake module files
[31.647s] Level 1:colcon.colcon_core.environment:checking '/home/mrstalford/ros2_ws/src/pavbot_gps/install/pavbot_gps' for CMake config files
[31.654s] Level 1:colcon.colcon_core.shell:create_environment_hook('pavbot_gps', 'cmake_prefix_path')
[31.656s] INFO:colcon.colcon_core.shell:Creating environment hook '/home/mrstalford/ros2_ws/src/pavbot_gps/install/pavbot_gps/share/pavbot_gps/hook/cmake_prefix_path.ps1'
[31.664s] INFO:colcon.colcon_core.shell:Creating environment descriptor '/home/mrstalford/ros2_ws/src/pavbot_gps/install/pavbot_gps/share/pavbot_gps/hook/cmake_prefix_path.dsv'
[31.668s] INFO:colcon.colcon_core.shell:Creating environment hook '/home/mrstalford/ros2_ws/src/pavbot_gps/install/pavbot_gps/share/pavbot_gps/hook/cmake_prefix_path.sh'
[31.676s] Level 1:colcon.colcon_core.environment:checking '/home/mrstalford/ros2_ws/src/pavbot_gps/install/pavbot_gps/lib'
[31.677s] Level 1:colcon.colcon_core.environment:checking '/home/mrstalford/ros2_ws/src/pavbot_gps/install/pavbot_gps/bin'
[31.678s] Level 1:colcon.colcon_core.environment:checking '/home/mrstalford/ros2_ws/src/pavbot_gps/install/pavbot_gps/lib/pkgconfig/pavbot_gps.pc'
[31.680s] Level 1:colcon.colcon_core.environment:checking '/home/mrstalford/ros2_ws/src/pavbot_gps/install/pavbot_gps/lib/python3.10/site-packages'
[31.684s] Level 1:colcon.colcon_core.environment:checking '/home/mrstalford/ros2_ws/src/pavbot_gps/install/pavbot_gps/bin'
[31.688s] INFO:colcon.colcon_core.shell:Creating package script '/home/mrstalford/ros2_ws/src/pavbot_gps/install/pavbot_gps/share/pavbot_gps/package.ps1'
[31.695s] INFO:colcon.colcon_core.shell:Creating package descriptor '/home/mrstalford/ros2_ws/src/pavbot_gps/install/pavbot_gps/share/pavbot_gps/package.dsv'
[31.702s] INFO:colcon.colcon_core.shell:Creating package script '/home/mrstalford/ros2_ws/src/pavbot_gps/install/pavbot_gps/share/pavbot_gps/package.sh'
[31.708s] INFO:colcon.colcon_core.shell:Creating package script '/home/mrstalford/ros2_ws/src/pavbot_gps/install/pavbot_gps/share/pavbot_gps/package.bash'
[31.714s] INFO:colcon.colcon_core.shell:Creating package script '/home/mrstalford/ros2_ws/src/pavbot_gps/install/pavbot_gps/share/pavbot_gps/package.zsh'
[31.720s] Level 1:colcon.colcon_core.environment:create_file_with_runtime_dependencies(/home/mrstalford/ros2_ws/src/pavbot_gps/install/pavbot_gps/share/colcon-core/packages/pavbot_gps)
[31.724s] DEBUG:colcon.colcon_parallel_executor.executor.parallel:closing loop
[31.726s] DEBUG:colcon.colcon_parallel_executor.executor.parallel:loop closed
[31.726s] DEBUG:colcon.colcon_parallel_executor.executor.parallel:run_until_complete finished with '0'
[31.727s] DEBUG:colcon.colcon_core.event_reactor:joining thread
[31.794s] INFO:colcon.colcon_core.plugin_system:Skipping extension 'colcon_notification.desktop_notification.terminal_notifier': Not used on non-Darwin systems
[31.795s] INFO:colcon.colcon_core.plugin_system:Skipping extension 'colcon_notification.desktop_notification.win32': Not used on non-Windows systems
[31.795s] INFO:colcon.colcon_notification.desktop_notification:Sending desktop notification using 'notify2'
[31.913s] DEBUG:colcon.colcon_core.event_reactor:joined thread
[31.915s] INFO:colcon.colcon_core.shell:Creating prefix script '/home/mrstalford/ros2_ws/src/pavbot_gps/install/local_setup.ps1'
[31.919s] INFO:colcon.colcon_core.shell:Creating prefix util module '/home/mrstalford/ros2_ws/src/pavbot_gps/install/_local_setup_util_ps1.py'
[31.928s] INFO:colcon.colcon_core.shell:Creating prefix chain script '/home/mrstalford/ros2_ws/src/pavbot_gps/install/setup.ps1'
[31.957s] INFO:colcon.colcon_core.shell:Creating prefix script '/home/mrstalford/ros2_ws/src/pavbot_gps/install/local_setup.sh'
[31.966s] INFO:colcon.colcon_core.shell:Creating prefix util module '/home/mrstalford/ros2_ws/src/pavbot_gps/install/_local_setup_util_sh.py'
[31.975s] INFO:colcon.colcon_core.shell:Creating prefix chain script '/home/mrstalford/ros2_ws/src/pavbot_gps/install/setup.sh'
[31.994s] INFO:colcon.colcon_core.shell:Creating prefix script '/home/mrstalford/ros2_ws/src/pavbot_gps/install/local_setup.bash'
[32.005s] INFO:colcon.colcon_core.shell:Creating prefix chain script '/home/mrstalford/ros2_ws/src/pavbot_gps/install/setup.bash'
[32.029s] INFO:colcon.colcon_core.shell:Creating prefix script '/home/mrstalford/ros2_ws/src/pavbot_gps/install/local_setup.zsh'
[32.036s] INFO:colcon.colcon_core.shell:Creating prefix chain script '/home/mrstalford/ros2_ws/src/pavbot_gps/install/setup.zsh'
